<?xml version="1.0" encoding="UTF-8"?>
<testsuite xmlns:xsi="http://www.w3.org/2001/XMLSchema-instance" xsi:schemaLocation="https://maven.apache.org/surefire/maven-surefire-plugin/xsd/surefire-test-report.xsd" name="io.github.bonigarcia.SpringBootRestTest" time="9.678" tests="3" errors="0" skipped="0" failures="0">
  <properties>
[...]
</properties>
  <testcase name="testGetAllBooks" classname="io.github.bonigarcia.SpringBootRestTest" time="1.121"/>
  <testcase name="testGetBook" classname="io.github.bonigarcia.SpringBootRestTest" time="0.046"/>
  <testcase name="testPostBook" classname="io.github.bonigarcia.SpringBootRestTest" time="0.032"/>
</testsuite>